<?xml version="1.0" encoding="UTF-8"?>
<testsuite name="com.example.user.myapplication.ExampleUnitTest" tests="1" skipped="0" failures="0" errors="0" timestamp="2018-04-29T17:13:09" hostname="MSI" time="0.002">
  <properties/>
  <testcase name="addition_isCorrect" classname="com.example.user.myapplication.ExampleUnitTest" time="0.002"/>
  <system-out><![CDATA[]]></system-out>
  <system-err><![CDATA[]]></system-err>
</testsuite>
